#
# There is insufficient memory for the Java Runtime Environment to continue.
# Native memory allocation (mmap) failed to map 264241152 bytes for G1 virtual space
# Possible reasons:
#   The system is out of physical RAM or swap space
#   The process is running with CompressedOops enabled, and the Java Heap may be blocking the growth of the native heap
# Possible solutions:
#   Reduce memory load on the system
#   Increase physical memory or swap space
#   Check if swap backing store is full
#   Decrease Java heap size (-Xmx/-Xms)
#   Decrease number of Java threads
#   Decrease Java thread stack sizes (-Xss)
#   Set larger code cache with -XX:ReservedCodeCacheSize=
#   JVM is running with Zero Based Compressed Oops mode in which the Java heap is
#     placed in the first 32GB address space. The Java Heap base address is the
#     maximum limit for the native heap growth. Please use -XX:HeapBaseMinAddress
#     to set the Java Heap base and to place the Java Heap above 32GB virtual address.
# This output file may be truncated or incomplete.
#
#  Out of Memory Error (os_windows.cpp:3613), pid=37240, tid=38116
#
# JRE version:  (17.0.10+7) (build )
# Java VM: OpenJDK 64-Bit Server VM (17.0.10+7, mixed mode, sharing, tiered, compressed oops, compressed class ptrs, g1 gc, windows-amd64)
# No core dump will be written. Minidumps are not enabled by default on client versions of Windows
#

---------------  S U M M A R Y ------------

Command Line: -Dfile.encoding=UTF-8 -Dstdout.encoding=UTF-8 -Dstderr.encoding=UTF-8 -XX:+ShowCodeDetailsInExceptionMessages bms.Transactions

Host: 11th Gen Intel(R) Core(TM) i7-1165G7 @ 2.80GHz, 8 cores, 15G,  Windows 11 , 64 bit Build 22621 (10.0.22621.3958)
Time: Sat Jul 27 19:39:31 2024 India Standard Time elapsed time: 0.030919 seconds (0d 0h 0m 0s)

---------------  T H R E A D  ---------------

Current thread (0x0000017d8e87d510):  JavaThread "Unknown thread" [_thread_in_vm, id=38116, stack(0x000000301af00000,0x000000301b000000)]

Stack: [0x000000301af00000,0x000000301b000000]
Native frames: (J=compiled Java code, j=interpreted, Vv=VM code, C=native code)
V  [jvm.dll+0x67d2c9]
V  [jvm.dll+0x834afa]
V  [jvm.dll+0x8365be]
V  [jvm.dll+0x836c23]
V  [jvm.dll+0x2477ff]
V  [jvm.dll+0x67a109]
V  [jvm.dll+0x66eb7a]
V  [jvm.dll+0x30764b]
V  [jvm.dll+0x30eaf6]
V  [jvm.dll+0x35e83e]
V  [jvm.dll+0x35ea6f]
V  [jvm.dll+0x2de248]
V  [jvm.dll+0x2df1b4]
V  [jvm.dll+0x806361]
V  [jvm.dll+0x36c6f1]
V  [jvm.dll+0x7e4e06]
V  [jvm.dll+0x3eff3f]
V  [jvm.dll+0x3f1b71]
C  [jli.dll+0x528f]
C  [ucrtbase.dll+0x29333]
C  [KERNEL32.DLL+0x1257d]
C  [ntdll.dll+0x5af28]


---------------  P R O C E S S  ---------------

Threads class SMR info:
_java_thread_list=0x00007ffcb770ee98, length=0, elements={
}

Java Threads: ( => current thread )

Other Threads:
  0x0000017d8e8ebc50 GCTaskThread "GC Thread#0" [stack: 0x000000301b000000,0x000000301b100000] [id=30340]
  0x0000017d8e8fc6f0 ConcurrentGCThread "G1 Main Marker" [stack: 0x000000301b100000,0x000000301b200000] [id=28048]
  0x0000017d8e8fd8b0 ConcurrentGCThread "G1 Conc#0" [stack: 0x000000301b200000,0x000000301b300000] [id=32032]

[error occurred during error reporting (printing all threads), id 0xc0000005, EXCEPTION_ACCESS_VIOLATION (0xc0000005) at pc=0x00007ffcb6ecec87]

VM state: not at safepoint (not fully initialized)

VM Mutex/Monitor currently owned by a thread:  ([mutex/lock_event])
[0x0000017d8e8794f0] Heap_lock - owner thread: 0x0000017d8e87d510

Heap address: 0x0000000704a00000, size: 4022 MB, Compressed Oops mode: Zero based, Oop shift amount: 3

CDS archive(s) mapped at: [0x0000000000000000-0x0000000000000000-0x0000000000000000), size 0, SharedBaseAddress: 0x0000000800000000, ArchiveRelocationMode: 1.
Narrow klass base: 0x0000000000000000, Narrow klass shift: 0, Narrow klass range: 0x0

GC Precious Log:
<Empty>

Heap:
 garbage-first heap   total 0K, used 0K [0x0000000704a00000, 0x0000000800000000)
  region size 2048K, 0 young (0K), 0 survivors (0K)

[error occurred during error reporting (printing heap information), id 0xc0000005, EXCEPTION_ACCESS_VIOLATION (0xc0000005) at pc=0x00007ffcb72b6fb9]

GC Heap History (0 events):
No events

Dll operation events (1 events):
Event: 0.012 Loaded shared library C:\Users\pavan\Downloads\eclipse-jee-2024-03-R-win32-x86_64\eclipse\plugins\org.eclipse.justj.openjdk.hotspot.jre.full.win32.x86_64_17.0.10.v20240120-1143\jre\bin\java.dll

Deoptimization events (0 events):
No events

Classes unloaded (0 events):
No events

Classes redefined (0 events):
No events

Internal exceptions (0 events):
No events

VM Operations (0 events):
No events

Events (0 events):
No events


Dynamic libraries:
0x00007ff7ef3c0000 - 0x00007ff7ef3ce000 	C:\Users\pavan\Downloads\eclipse-jee-2024-03-R-win32-x86_64\eclipse\plugins\org.eclipse.justj.openjdk.hotspot.jre.full.win32.x86_64_17.0.10.v20240120-1143\jre\bin\javaw.exe
0x00007ffd20030000 - 0x00007ffd20247000 	C:\WINDOWS\SYSTEM32\ntdll.dll
0x00007ffd1f1a0000 - 0x00007ffd1f264000 	C:\WINDOWS\System32\KERNEL32.DLL
0x00007ffd1d740000 - 0x00007ffd1daed000 	C:\WINDOWS\System32\KERNELBASE.dll
0x00007ffd1daf0000 - 0x00007ffd1dc01000 	C:\WINDOWS\System32\ucrtbase.dll
0x00007ffd12fa0000 - 0x00007ffd12fb7000 	C:\Users\pavan\Downloads\eclipse-jee-2024-03-R-win32-x86_64\eclipse\plugins\org.eclipse.justj.openjdk.hotspot.jre.full.win32.x86_64_17.0.10.v20240120-1143\jre\bin\jli.dll
0x00007ffd0db20000 - 0x00007ffd0db3b000 	C:\Users\pavan\Downloads\eclipse-jee-2024-03-R-win32-x86_64\eclipse\plugins\org.eclipse.justj.openjdk.hotspot.jre.full.win32.x86_64_17.0.10.v20240120-1143\jre\bin\VCRUNTIME140.dll
0x00007ffd1ef20000 - 0x00007ffd1f0ce000 	C:\WINDOWS\System32\USER32.dll
0x00007ffd1d350000 - 0x00007ffd1d376000 	C:\WINDOWS\System32\win32u.dll
0x00007ffcfc220000 - 0x00007ffcfc4b3000 	C:\WINDOWS\WinSxS\amd64_microsoft.windows.common-controls_6595b64144ccf1df_6.0.22621.3672_none_2713b9d173822955\COMCTL32.dll
0x00007ffd1fdf0000 - 0x00007ffd1fe19000 	C:\WINDOWS\System32\GDI32.dll
0x00007ffd1dc10000 - 0x00007ffd1dd29000 	C:\WINDOWS\System32\gdi32full.dll
0x00007ffd1ff40000 - 0x00007ffd1ffe7000 	C:\WINDOWS\System32\msvcrt.dll
0x00007ffd1d560000 - 0x00007ffd1d5fa000 	C:\WINDOWS\System32\msvcp_win.dll
0x00007ffd1f270000 - 0x00007ffd1f2a1000 	C:\WINDOWS\System32\IMM32.DLL
0x00007ffd14f80000 - 0x00007ffd14f8c000 	C:\Users\pavan\Downloads\eclipse-jee-2024-03-R-win32-x86_64\eclipse\plugins\org.eclipse.justj.openjdk.hotspot.jre.full.win32.x86_64_17.0.10.v20240120-1143\jre\bin\vcruntime140_1.dll
0x00007ffcf9980000 - 0x00007ffcf9a0d000 	C:\Users\pavan\Downloads\eclipse-jee-2024-03-R-win32-x86_64\eclipse\plugins\org.eclipse.justj.openjdk.hotspot.jre.full.win32.x86_64_17.0.10.v20240120-1143\jre\bin\msvcp140.dll
0x00007ffcb6be0000 - 0x00007ffcb7842000 	C:\Users\pavan\Downloads\eclipse-jee-2024-03-R-win32-x86_64\eclipse\plugins\org.eclipse.justj.openjdk.hotspot.jre.full.win32.x86_64_17.0.10.v20240120-1143\jre\bin\server\jvm.dll
0x00007ffd1f2b0000 - 0x00007ffd1f362000 	C:\WINDOWS\System32\ADVAPI32.dll
0x00007ffd1f0d0000 - 0x00007ffd1f179000 	C:\WINDOWS\System32\sechost.dll
0x00007ffd1dd30000 - 0x00007ffd1dd58000 	C:\WINDOWS\System32\bcrypt.dll
0x00007ffd1fe20000 - 0x00007ffd1ff34000 	C:\WINDOWS\System32\RPCRT4.dll
0x00007ffd1c1a0000 - 0x00007ffd1c1ed000 	C:\WINDOWS\SYSTEM32\POWRPROF.dll
0x00007ffd12fc0000 - 0x00007ffd12fc9000 	C:\WINDOWS\SYSTEM32\WSOCK32.dll
0x00007ffd17b00000 - 0x00007ffd17b34000 	C:\WINDOWS\SYSTEM32\WINMM.dll
0x00007ffd15e00000 - 0x00007ffd15e0a000 	C:\WINDOWS\SYSTEM32\VERSION.dll
0x00007ffd1fd40000 - 0x00007ffd1fdb1000 	C:\WINDOWS\System32\WS2_32.dll
0x00007ffd1c180000 - 0x00007ffd1c193000 	C:\WINDOWS\SYSTEM32\UMPDC.dll
0x00007ffd1c430000 - 0x00007ffd1c448000 	C:\WINDOWS\SYSTEM32\kernel.appcore.dll
0x00007ffd12f50000 - 0x00007ffd12f5a000 	C:\Users\pavan\Downloads\eclipse-jee-2024-03-R-win32-x86_64\eclipse\plugins\org.eclipse.justj.openjdk.hotspot.jre.full.win32.x86_64_17.0.10.v20240120-1143\jre\bin\jimage.dll
0x00007ffd1ac80000 - 0x00007ffd1aeb2000 	C:\WINDOWS\SYSTEM32\DBGHELP.DLL
0x00007ffd1e240000 - 0x00007ffd1e5cd000 	C:\WINDOWS\System32\combase.dll
0x00007ffd1fc50000 - 0x00007ffd1fd27000 	C:\WINDOWS\System32\OLEAUT32.dll
0x00007ffd17b40000 - 0x00007ffd17b72000 	C:\WINDOWS\SYSTEM32\dbgcore.DLL
0x00007ffd1d6c0000 - 0x00007ffd1d73b000 	C:\WINDOWS\System32\bcryptPrimitives.dll
0x00007ffd04100000 - 0x00007ffd04125000 	C:\Users\pavan\Downloads\eclipse-jee-2024-03-R-win32-x86_64\eclipse\plugins\org.eclipse.justj.openjdk.hotspot.jre.full.win32.x86_64_17.0.10.v20240120-1143\jre\bin\java.dll

dbghelp: loaded successfully - version: 4.0.5 - missing functions: none
symbol engine: initialized successfully - sym options: 0x614 - pdb path: .;C:\Users\pavan\Downloads\eclipse-jee-2024-03-R-win32-x86_64\eclipse\plugins\org.eclipse.justj.openjdk.hotspot.jre.full.win32.x86_64_17.0.10.v20240120-1143\jre\bin;C:\WINDOWS\SYSTEM32;C:\WINDOWS\WinSxS\amd64_microsoft.windows.common-controls_6595b64144ccf1df_6.0.22621.3672_none_2713b9d173822955;C:\Users\pavan\Downloads\eclipse-jee-2024-03-R-win32-x86_64\eclipse\plugins\org.eclipse.justj.openjdk.hotspot.jre.full.win32.x86_64_17.0.10.v20240120-1143\jre\bin\server

VM Arguments:
jvm_args: -Dfile.encoding=UTF-8 -Dstdout.encoding=UTF-8 -Dstderr.encoding=UTF-8 -XX:+ShowCodeDetailsInExceptionMessages 
java_command: bms.Transactions
java_class_path (initial): C:\Users\pavan\OneDrive\Desktop\JavaProjects\BankManagestSystem\bin;C:\Users\pavan\Downloads\jcalendar-1.4\lib\jcalendar-1.4.jar;C:\Users\pavan\OneDrive\Desktop\jdbc\mysql-connector-j-8.0.32.jar
Launcher Type: SUN_STANDARD

[Global flags]
     intx CICompilerCount                          = 4                                         {product} {ergonomic}
     uint ConcGCThreads                            = 2                                         {product} {ergonomic}
     uint G1ConcRefinementThreads                  = 8                                         {product} {ergonomic}
   size_t G1HeapRegionSize                         = 2097152                                   {product} {ergonomic}
    uintx GCDrainStackTargetSize                   = 64                                        {product} {ergonomic}
   size_t InitialHeapSize                          = 264241152                                 {product} {ergonomic}
   size_t MarkStackSize                            = 4194304                                   {product} {ergonomic}
   size_t MaxHeapSize                              = 4217372672                                {product} {ergonomic}
   size_t MinHeapDeltaBytes                        = 2097152                                   {product} {ergonomic}
   size_t MinHeapSize                              = 8388608                                   {product} {ergonomic}
    uintx NonNMethodCodeHeapSize                   = 5839372                                {pd product} {ergonomic}
    uintx NonProfiledCodeHeapSize                  = 122909434                              {pd product} {ergonomic}
    uintx ProfiledCodeHeapSize                     = 122909434                              {pd product} {ergonomic}
    uintx ReservedCodeCacheSize                    = 251658240                              {pd product} {ergonomic}
     bool SegmentedCodeCache                       = true                                      {product} {ergonomic}
     bool ShowCodeDetailsInExceptionMessages       = true                                   {manageable} {command line}
   size_t SoftMaxHeapSize                          = 4217372672                             {manageable} {ergonomic}
     bool UseCompressedClassPointers               = true                           {product lp64_product} {ergonomic}
     bool UseCompressedOops                        = true                           {product lp64_product} {ergonomic}
     bool UseG1GC                                  = true                                      {product} {ergonomic}
     bool UseLargePagesIndividualAllocation        = false                                  {pd product} {ergonomic}

Logging:
Log output configuration:
 #0: stdout all=warning uptime,level,tags
 #1: stderr all=off uptime,level,tags

Environment Variables:
JAVA_HOME=C:\Program Files\Java\jdk-22
CLASSPATH=C:\Users\pavan\OneDrive\Desktop\jdbc\mysql-connector-j-8.0.32.jar;C:\Users\pavan\Downloads\jcalendar-1.4.zip\lib;
PATH=C:/Users/pavan/Downloads/eclipse-jee-2024-03-R-win32-x86_64/eclipse//plugins/org.eclipse.justj.openjdk.hotspot.jre.full.win32.x86_64_17.0.10.v20240120-1143/jre/bin/server;C:/Users/pavan/Downloads/eclipse-jee-2024-03-R-win32-x86_64/eclipse//plugins/org.eclipse.justj.openjdk.hotspot.jre.full.win32.x86_64_17.0.10.v20240120-1143/jre/bin;C:\Program Files (x86)\Common Files\Oracle\Java\javapath;C:\Program Files\Common Files\Oracle\Java\javapath;C:\WINDOWS\system32;C:\WINDOWS;C:\WINDOWS\System32\Wbem;C:\WINDOWS\System32\WindowsPowerShell\v1.0\;C:\WINDOWS\System32\OpenSSH\;C:\Program Files\MySQL\MySQL Server 8.0\bin;C:\Program Files\nodejs\;C:\Program Files\Git\cmd;C:\Program Files\Docker\Docker\resources\bin;C:\Program Files\Java\jdk-22\bin;C:\Users\pavan\AppData\Local\Programs\Python\Python311\Scripts\;C:\Users\pavan\AppData\Local\Programs\Python\Python311\;C:\Program Files\MySQL\MySQL Shell 8.0\bin\;C:\Users\pavan\AppData\Local\Microsoft\WindowsApps;C:\Program Files\JetBrains\IntelliJ IDEA Community Edition 2023.3.4\bin;;C:\Users\pavan\AppData\Local\Programs\Hyper\resources\bin;C:\Users\pavan\AppData\Roaming\npm;C:\Users\pavan\OneDrive\Desktop\jdbc\bin;C:\Users\pavan\Downloads\mongosh-1.10.1-win32-x64\mongosh-1.10.1-win32-x64\bin;C:\Users\pavan\AppData\Local\Programs\Microsoft VS Code\bin;C:\Users\pavan\Downloads\eclipse-jee-2024-03-R-win32-x86_64\eclipse;
USERNAME=pavan
OS=Windows_NT
PROCESSOR_IDENTIFIER=Intel64 Family 6 Model 140 Stepping 1, GenuineIntel
TMP=C:\Users\pavan\AppData\Local\Temp
TEMP=C:\Users\pavan\AppData\Local\Temp



Periodic native trim disabled


---------------  S Y S T E M  ---------------

OS:
 Windows 11 , 64 bit Build 22621 (10.0.22621.3958)
OS uptime: 1 days 6:22 hours
Hyper-V role detected

CPU: total 8 (initial active 8) (4 cores per cpu, 2 threads per core) family 6 model 140 stepping 1 microcode 0x86, cx8, cmov, fxsr, ht, mmx, 3dnowpref, sse, sse2, sse3, ssse3, sse4.1, sse4.2, popcnt, lzcnt, tsc, tscinvbit, avx, avx2, aes, erms, clmul, bmi1, bmi2, adx, avx512f, avx512dq, avx512cd, avx512bw, avx512vl, sha, fma, vzeroupper, avx512_vpopcntdq, avx512_vpclmulqdq, avx512_vaes, avx512_vnni, clflush, clflushopt, clwb, avx512_vbmi2, avx512_vbmi, hv
Processor Information for processor 0
  Max Mhz: 2803, Current Mhz: 2803, Mhz Limit: 2803
Processor Information for processor 1
  Max Mhz: 2803, Current Mhz: 2803, Mhz Limit: 2803
Processor Information for processor 2
  Max Mhz: 2803, Current Mhz: 1001, Mhz Limit: 2803
Processor Information for processor 3
  Max Mhz: 2803, Current Mhz: 2803, Mhz Limit: 2803
Processor Information for processor 4
  Max Mhz: 2803, Current Mhz: 2803, Mhz Limit: 2803
Processor Information for processor 5
  Max Mhz: 2803, Current Mhz: 1001, Mhz Limit: 2803
Processor Information for processor 6
  Max Mhz: 2803, Current Mhz: 2803, Mhz Limit: 2803
Processor Information for processor 7
  Max Mhz: 2803, Current Mhz: 2803, Mhz Limit: 2803

Memory: 4k page, system-wide physical 16082M (1345M free)
TotalPageFile size 65186M (AvailPageFile size 93M)
current process WorkingSet (physical memory assigned to process): 11M, peak: 11M
current process commit charge ("private bytes"): 60M, peak: 312M

vm_info: OpenJDK 64-Bit Server VM (17.0.10+7) for windows-amd64 JRE (17.0.10+7), built on Jan 16 2024 23:25:11 by "admin" with MS VC++ 16.10 / 16.11 (VS2019)

END.
